<?xml version="1.0" encoding="UTF-8"?>
<!-- Generated by org.testng.reporters.JUnitReportReporter -->
<testsuite hostname="LAPTOP-5KMFOFH9" failures="0" tests="2" name="testngTest.TestDemo1" time="0.017" errors="0" timestamp="2023-10-07T13:56:10 IST" skipped="0">
  <testcase classname="testngTest.TestDemo1" name="testcase2" time="0.002"/>
  <system-out/>
  <testcase classname="testngTest.TestDemo1" name="testCase1" time="0.015"/>
  <system-out/>
</testsuite> <!-- testngTest.TestDemo1 -->
