<?xml version="1.0" encoding="UTF-8"?>
<!-- Generated by org.testng.reporters.JUnitReportReporter -->
<testsuite hostname="LAPTOP-5KMFOFH9" failures="0" tests="1" name="testngTest.HrmDataPassing" time="14.909" errors="0" timestamp="2023-10-11T19:22:38 IST" skipped="0">
  <testcase classname="testngTest.HrmDataPassing" name="verifyLogin" time="14.909"/>
  <system-out/>
</testsuite> <!-- testngTest.HrmDataPassing -->
