<?xml version="1.0" encoding="UTF-8"?>
<!-- Generated by org.testng.reporters.JUnitReportReporter -->
<testsuite hostname="LAPTOP-5KMFOFH9" failures="0" tests="3" name="testngTest.TestDemo2" time="18.132" errors="0" timestamp="2023-10-04T19:24:25 IST" skipped="0">
  <testcase classname="testngTest.TestDemo2" name="chromeTest" time="5.363"/>
  <system-out/>
  <testcase classname="testngTest.TestDemo2" name="firefoxTest" time="6.773"/>
  <system-out/>
  <testcase classname="testngTest.TestDemo2" name="edgeTest" time="5.996"/>
  <system-out/>
</testsuite> <!-- testngTest.TestDemo2 -->
