<?xml version="1.0" encoding="UTF-8"?>
<!-- Generated by org.testng.reporters.JUnitReportReporter -->
<testsuite hostname="LAPTOP-5KMFOFH9" failures="0" tests="3" name="dataDrivenFramework.TestDataDrivenDemo1" time="0.020" errors="0" timestamp="2023-10-12T19:02:21 IST" skipped="0">
  <testcase classname="dataDrivenFramework.TestDataDrivenDemo1" name="loginTest" time="0.002"/>
  <system-out/>
  <testcase classname="dataDrivenFramework.TestDataDrivenDemo1" name="loginTest" time="0.002"/>
  <system-out/>
  <testcase classname="dataDrivenFramework.TestDataDrivenDemo1" name="loginTest" time="0.016"/>
  <system-out/>
</testsuite> <!-- dataDrivenFramework.TestDataDrivenDemo1 -->
