<?xml version="1.0" encoding="UTF-8"?>
<!-- Generated by org.testng.reporters.JUnitReportReporter -->
<testsuite hostname="LAPTOP-5KMFOFH9" failures="0" tests="1" name="dataDrivenFramework.ScreenshotDemo" time="7.535" errors="0" timestamp="2023-10-13T19:15:34 IST" skipped="0">
  <testcase classname="dataDrivenFramework.ScreenshotDemo" name="capture" time="7.535"/>
  <system-out/>
</testsuite> <!-- dataDrivenFramework.ScreenshotDemo -->
