<?xml version="1.0" encoding="UTF-8"?>
<!-- Generated by org.testng.reporters.JUnitReportReporter -->
<testsuite hostname="LAPTOP-5KMFOFH9" failures="0" tests="5" name="testngTest.TestNGAttributes" time="0.008" errors="0" timestamp="2023-10-04T19:24:25 IST" skipped="0">
  <testcase classname="testngTest.TestNGAttributes" name="registerTest" time="0.001"/>
  <system-out/>
  <testcase classname="testngTest.TestNGAttributes" name="loginTest" time="0.001"/>
  <system-out/>
  <testcase classname="testngTest.TestNGAttributes" name="loginTest" time="0.001"/>
  <system-out/>
  <testcase classname="testngTest.TestNGAttributes" name="loginTest" time="0.003"/>
  <system-out/>
  <testcase classname="testngTest.TestNGAttributes" name="logoutTest" time="0.002"/>
  <system-out/>
</testsuite> <!-- testngTest.TestNGAttributes -->
