<?xml version="1.0" encoding="UTF-8"?>
<!-- Generated by org.testng.reporters.JUnitReportReporter -->
<testsuite hostname="LAPTOP-5KMFOFH9" failures="0" tests="1" name="dataDrivenFramework.ExcelDataRead" time="1.039" errors="0" timestamp="2023-10-13T19:00:25 IST" skipped="0">
  <testcase classname="dataDrivenFramework.ExcelDataRead" name="fileRead" time="1.039"/>
  <system-out/>
</testsuite> <!-- dataDrivenFramework.ExcelDataRead -->
