<?xml version="1.0" encoding="UTF-8"?>
<!-- Generated by org.testng.reporters.JUnitReportReporter -->
<testsuite hostname="LAPTOP-5KMFOFH9" failures="0" tests="1" name="testngTest.RealTimeScenario" time="0.980" errors="0" timestamp="2023-10-06T19:12:13 IST" skipped="0">
  <testcase classname="testngTest.RealTimeScenario" name="loginTest" time="0.980"/>
  <system-out/>
</testsuite> <!-- testngTest.RealTimeScenario -->
