<?xml version="1.0" encoding="UTF-8"?>
<!-- Generated by org.testng.reporters.JUnitReportReporter -->
<testsuite hostname="LAPTOP-5KMFOFH9" failures="0" tests="3" name="testngTest.AnnotaionDemo" time="0.011" errors="0" timestamp="2023-10-06T18:57:58 IST" skipped="0">
  <testcase classname="testngTest.AnnotaionDemo" name="registerTest" time="0.007"/>
  <system-out/>
  <testcase classname="testngTest.AnnotaionDemo" name="loginTest" time="0.002"/>
  <system-out/>
  <testcase classname="testngTest.AnnotaionDemo" name="logoutTest" time="0.002"/>
  <system-out/>
</testsuite> <!-- testngTest.AnnotaionDemo -->
