<?xml version="1.0" encoding="UTF-8"?>
<!-- Generated by org.testng.reporters.JUnitReportReporter -->
<testsuite hostname="LAPTOP-5KMFOFH9" failures="0" tests="1" name="testngTest.HRMProperties" time="11.183" errors="0" timestamp="2023-10-11T19:38:17 IST" skipped="0">
  <testcase classname="testngTest.HRMProperties" name="verifyLogin" time="11.183"/>
  <system-out/>
</testsuite> <!-- testngTest.HRMProperties -->
