<?xml version="1.0" encoding="UTF-8"?>
<!-- Generated by org.testng.reporters.JUnitReportReporter -->
<testsuite hostname="LAPTOP-5KMFOFH9" failures="0" tests="2" name="testngTest.GroupingDemo" time="0.014" errors="0" timestamp="2023-10-05T18:46:21 IST" skipped="0">
  <testcase classname="testngTest.GroupingDemo" name="testCase1" time="0.011"/>
  <system-out/>
  <testcase classname="testngTest.GroupingDemo" name="testCase2" time="0.003"/>
  <system-out/>
</testsuite> <!-- testngTest.GroupingDemo -->
