<?xml version="1.0" encoding="UTF-8"?>
<!-- Generated by org.testng.reporters.JUnitReportReporter -->
<testsuite hostname="LAPTOP-5KMFOFH9" failures="0" tests="1" name="testngTest.DataPassingThroughXML" time="0.011" errors="0" timestamp="2023-10-11T19:17:12 IST" skipped="0">
  <testcase classname="testngTest.DataPassingThroughXML" name="loginTest" time="0.011"/>
  <system-out/>
</testsuite> <!-- testngTest.DataPassingThroughXML -->
