<?xml version="1.0" encoding="UTF-8"?>
<!-- Generated by org.testng.reporters.JUnitReportReporter -->
<testsuite hostname="LAPTOP-5KMFOFH9" failures="0" tests="3" name="pageObjectModel.LoginPageTest" time="3.665" errors="0" timestamp="2023-10-09T19:03:53 IST" skipped="0">
  <testcase classname="pageObjectModel.LoginPageTest" name="verifyTitle" time="0.026"/>
  <system-out/>
  <testcase classname="pageObjectModel.LoginPageTest" name="verifyLogin" time="2.335"/>
  <system-out/>
  <testcase classname="pageObjectModel.LoginPageTest" name="verifyCurrentUrl" time="1.304"/>
  <system-out/>
</testsuite> <!-- pageObjectModel.LoginPageTest -->
