<?xml version="1.0" encoding="UTF-8"?>
<!-- Generated by org.testng.reporters.JUnitReportReporter -->
<testsuite hostname="LAPTOP-5KMFOFH9" failures="0" tests="4" name="testngTest.SequencingDemo" time="0.019" errors="0" timestamp="2023-10-04T19:32:02 IST" skipped="1">
  <testcase classname="testngTest.SequencingDemo" name="registerTest" time="0.017"/>
  <system-out/>
  <testcase classname="testngTest.SequencingDemo" name="loginTest" time="0.001"/>
  <system-out/>
  <testcase classname="testngTest.SequencingDemo" name="searchProductTest" time="0.001"/>
  <system-out/>
  <testcase classname="testngTest.SequencingDemo" name="logoutTest">
    <skipped/>
  </testcase> <!-- logoutTest -->
  <system-out/>
</testsuite> <!-- testngTest.SequencingDemo -->
