<?xml version="1.0" encoding="UTF-8"?>
<!-- Generated by org.testng.reporters.JUnitReportReporter -->
<testsuite hostname="LAPTOP-5KMFOFH9" failures="0" tests="3" name="testngTest.ParallelTestingOnMethod" time="27.810" errors="0" timestamp="2023-10-12T18:50:13 IST" skipped="0">
  <testcase classname="testngTest.ParallelTestingOnMethod" name="chromeTest" time="7.853"/>
  <system-out/>
  <testcase classname="testngTest.ParallelTestingOnMethod" name="firefoxTest" time="9.849"/>
  <system-out/>
  <testcase classname="testngTest.ParallelTestingOnMethod" name="edgeTest" time="10.108"/>
  <system-out/>
</testsuite> <!-- testngTest.ParallelTestingOnMethod -->
