<?xml version="1.0" encoding="UTF-8"?>
<!-- Generated by org.testng.reporters.JUnitReportReporter -->
<testsuite hostname="LAPTOP-5KMFOFH9" failures="0" tests="2" name="pageObjectModel.NewLoginPageTest" time="4.258" errors="0" timestamp="2023-10-09T19:15:07 IST" skipped="0">
  <testcase classname="pageObjectModel.NewLoginPageTest" name="verifyTitle" time="2.229"/>
  <system-out/>
  <testcase classname="pageObjectModel.NewLoginPageTest" name="verifyLogin" time="2.029"/>
  <system-out/>
</testsuite> <!-- pageObjectModel.NewLoginPageTest -->
