<?xml version="1.0" encoding="UTF-8"?>
<!-- Generated by org.testng.reporters.JUnitReportReporter -->
<testsuite hostname="LAPTOP-5KMFOFH9" failures="0" tests="1" name="testngTest.PropertiesFileDemo" time="0.015" errors="0" timestamp="2023-10-11T19:35:34 IST" skipped="0">
  <testcase classname="testngTest.PropertiesFileDemo" name="fileRead" time="0.015"/>
  <system-out/>
</testsuite> <!-- testngTest.PropertiesFileDemo -->
